<component name="libraryTable">
  <library name="junit_41">
    <CLASSES>
      <root url="jar://$PROJECT_DIR$/Lab_4_Skeleton/lib/junit_4/junit-4.5-src.jar!/" />
      <root url="jar://$PROJECT_DIR$/Lab_4_Skeleton/lib/junit_4/junit-4.5-api.zip!/" />
      <root url="jar://$PROJECT_DIR$/Lab_4_Skeleton/lib/junit_4/junit-4.5.jar!/" />
    </CLASSES>
    <JAVADOC />
    <SOURCES />
  </library>
</component>