<component name="libraryTable">
  <library name="junit1">
    <CLASSES>
      <root url="jar://$PROJECT_DIR$/Lab_4_Skeleton/lib/junit/junit-3.8.2.jar!/" />
      <root url="jar://$PROJECT_DIR$/Lab_4_Skeleton/lib/junit/junit-3.8.2-api.zip!/" />
    </CLASSES>
    <JAVADOC />
    <SOURCES />
  </library>
</component>